<?xml version="1.0" encoding="UTF-8"?>
<testng-results skipped="0" failed="0" total="1" passed="1">
  <reporter-output>
  </reporter-output>
  <suite name="Default suite" duration-ms="161481" started-at="2019-12-04T17:48:25Z" finished-at="2019-12-04T17:51:06Z">
    <groups>
    </groups>
    <test name="Default test" duration-ms="161481" started-at="2019-12-04T17:48:25Z" finished-at="2019-12-04T17:51:06Z">
      <class name="practice.frame1">
        <test-method status="PASS" signature="frame()[pri:0, instance:practice.frame1@215be6bb]" name="frame" duration-ms="161353" started-at="2019-12-04T23:18:25Z" finished-at="2019-12-04T23:21:06Z">
          <reporter-output>
          </reporter-output>
        </test-method> <!-- frame -->
      </class> <!-- practice.frame1 -->
    </test> <!-- Default test -->
  </suite> <!-- Default suite -->
</testng-results>
